05.03 22:56:13 -- Henkey - wrong password
05.03 22:56:21 -- Henkey - wrong password
05.03 22:56:32 -- Henkey - wrong password
05.03 22:56:41 -- Henkey logged in
05.03 22:56:45 -- Henkey - 99
05.03 22:56:47 -- Henkey - 99
05.03 22:56:53 -- Henkey - 0
05.03 22:57:21 -- Henkey - 99
05.04 18:04:30 -- Henkey logged in
05.04 18:04:31 -- Henkey - 0
05.04 18:04:33 -- Henkey - 0
05.04 18:04:35 -- Henkey - 1
05.04 18:04:35 -- Henkey - 0
05.04 18:05:21 -- Henkey - 0
05.04 22:43:40 -- Henkey logged in
05.04 22:43:45 -- Henkey - 2
05.04 22:43:45 -- Henkey - 0
05.04 22:43:51 -- Henkey - 0
05.04 22:43:54 -- Henkey - 0
05.04 22:43:56 -- Henkey - 0
05.04 22:44:01 -- Henkey - 0
05.04 22:44:03 -- Henkey - 0
05.04 22:44:06 -- Henkey - 1
05.04 22:44:06 -- Henkey - 0
05.04 22:44:40 -- Henkey - 0
05.04 22:45:21 -- Henkey - 0
05.04 22:47:07 -- Henkey - 0
05.04 22:55:55 -- Henkey - 0
05.06 14:52:17 -- LTBR logged in
05.06 14:52:18 -- LTBR - 99
05.06 14:52:20 -- LTBR - 99
05.06 14:52:25 -- LTBR - 0
05.07 18:48:45 -- Henkey logged in
05.07 18:48:55 -- Henkey - 0
05.07 18:48:57 -- Henkey - 1
05.07 18:48:57 -- Henkey - 0
05.08 00:49:33 -- LTBR logged in
05.08 00:49:33 -- LTBR - 99
05.08 00:49:37 -- LTBR - 99
05.08 00:49:42 -- LTBR - 0
05.08 14:22:20 -- Henkey - wrong password
05.08 14:22:33 -- Henkey logged in
05.08 14:22:39 -- Henkey - 1
05.08 14:22:39 -- Henkey - 0
05.08 14:22:46 -- Henkey - 0
05.08 14:23:06 -- Henkey - 0
05.08 19:05:52 -- Henkey logged in
05.08 19:05:56 -- Henkey - 2
05.08 19:05:56 -- Henkey - 0
05.08 19:09:02 -- Henkey - 1
05.08 19:09:02 -- Henkey - 0
05.08 19:09:55 -- Henkey - 0
05.08 19:10:00 -- Henkey - 0
05.08 19:12:11 -- Henkey - 0
05.08 19:12:29 -- Henkey - 0
05.08 19:15:16 -- Henkey - 0
05.08 19:16:25 -- Henkey - 2
05.08 19:16:25 -- Henkey - 0
05.08 19:16:36 -- Henkey - 0
05.08 19:16:44 -- Henkey - 0
05.08 19:17:01 -- Henkey - 0
05.08 19:17:05 -- Henkey - 1
05.08 19:17:05 -- Henkey - 0
05.08 19:18:24 -- Henkey - 0
05.09 15:35:12 -- Henkey logged in
05.09 15:35:25 -- Henkey - 0
05.09 15:35:28 -- Henkey - 1
05.09 15:35:28 -- Henkey - 0
05.09 15:36:04 -- Henkey - 0
05.11 19:50:37 -- Henkey logged in
05.11 19:50:43 -- Henkey - 0
05.11 19:50:45 -- Henkey - 1
05.11 19:50:45 -- Henkey - 0
05.12 18:52:32 -- Henkey logged in
05.12 18:52:34 -- Henkey - 0
05.12 18:52:37 -- Henkey - 1
05.12 18:52:37 -- Henkey - 0
05.13 22:48:33 -- LTBR logged in
05.13 22:48:34 -- LTBR - 99
05.13 22:48:38 -- LTBR - 99
05.14 13:53:37 -- Gliner logged in
05.14 13:53:41 -- Gliner - 99
05.14 13:53:56 -- Gliner - 0
05.16 20:16:43 -- Gliner logged in
05.16 20:16:48 -- Gliner - 3
05.16 20:16:48 -- Gliner - 0
05.17 19:07:47 -- Henkey logged in
05.17 19:08:18 -- Henkey - 0
05.17 19:09:16 -- Henkey - 0
05.17 19:09:18 -- Henkey - 1
05.17 19:09:18 -- Henkey - 0
05.17 19:11:28 -- Henkey - 0
05.18 11:51:03 -- Henkey logged in
05.18 11:51:05 -- Henkey - 0
05.18 11:51:07 -- Henkey - 0
05.18 11:51:09 -- Henkey - 1
05.18 11:51:09 -- Henkey - 0
05.18 12:21:34 -- Henkey - 2
05.18 12:21:34 -- Henkey - 0
05.18 12:22:38 -- Henkey - 0
05.18 12:22:41 -- Henkey - 1
05.18 12:22:41 -- Henkey - 0
05.18 12:27:27 -- Henkey - 0
05.18 12:28:51 -- Henkey - 2
05.18 12:28:51 -- Henkey - 0
05.18 12:29:54 -- Henkey - 0
05.18 12:29:56 -- Henkey - 1
05.18 12:29:56 -- Henkey - 0
05.18 12:29:58 -- Henkey - 0
05.18 12:30:01 -- Henkey - 0
05.18 12:30:05 -- Henkey - 0
05.18 12:38:29 -- Henkey - 2
05.18 12:38:29 -- Henkey - 0
05.18 12:40:27 -- Henkey - 0
05.18 12:40:29 -- Henkey - 2
05.18 12:40:29 -- Henkey - 0
05.18 12:42:07 -- Henkey - 0
05.18 12:42:09 -- Henkey - 0
05.18 12:42:11 -- Henkey - 1
05.18 12:42:11 -- Henkey - 0
05.18 15:14:55 -- Henkey logged in
05.18 15:14:56 -- Henkey - 0
05.18 15:15:05 -- Henkey - 1
05.18 15:15:05 -- Henkey - 0
05.18 15:16:57 -- Henkey - 0
05.18 15:23:02 -- Henkey - 0
05.18 15:23:04 -- Henkey - 1
05.18 15:23:04 -- Henkey - 0
05.18 15:30:59 -- Henkey - 0
05.18 15:31:01 -- Henkey - 2
05.18 15:31:01 -- Henkey - 0
05.18 15:31:02 -- Henkey - 0
05.18 15:31:03 -- Henkey - 0
05.18 15:31:39 -- Henkey - 0
05.18 15:31:44 -- Henkey - 0
05.18 15:31:46 -- Henkey - 1
05.18 15:31:46 -- Henkey - 0
05.18 15:31:48 -- Henkey - 0
05.25 13:23:32 -- Henkey logged in
05.25 13:23:38 -- Henkey - 0
05.25 13:23:40 -- Henkey - 1
05.25 13:23:40 -- Henkey - 0
05.25 13:27:02 -- Henkey - 0
05.25 19:12:35 -- Henkey logged in
05.25 19:12:40 -- Henkey - 0
05.25 19:12:42 -- Henkey - 1
05.25 19:12:42 -- Henkey - 0
05.25 19:13:50 -- Henkey - 0
05.25 19:15:57 -- Henkey - 0
05.25 19:15:58 -- Henkey - 0
05.25 19:16:02 -- Henkey - 0
05.25 19:16:03 -- Henkey - 1
05.25 19:16:03 -- Henkey - 0
05.25 19:19:31 -- Henkey - 0
05.29 15:25:09 -- LTBR logged in
05.29 15:25:11 -- LTBR - 3
05.29 15:25:11 -- LTBR - 0
05.29 15:25:15 -- LTBR - 99
05.29 15:30:15 -- LTBR - 3
05.29 15:30:15 -- LTBR - 0
05.29 15:30:50 -- LTBR - 3
05.29 15:30:50 -- LTBR - 0
05.29 15:30:55 -- LTBR - 2
05.29 15:30:55 -- LTBR - 0
05.29 15:31:49 -- LTBR - 0
05.29 15:31:49 -- LTBR - 1
05.29 15:49:43 -- LTBR - 3
05.29 15:49:43 -- LTBR - 0
05.29 15:54:53 -- LTBR - 3
05.29 15:54:53 -- LTBR - 0
05.29 15:59:16 -- LTBR - 3
05.29 15:59:16 -- LTBR - 0
05.29 16:02:54 -- LTBR - 3
05.29 16:02:54 -- LTBR - 0
05.29 16:04:20 -- LTBR - 3
05.29 16:04:20 -- LTBR - 0
05.30 14:26:42 -- Henkey logged in
05.30 14:26:45 -- Henkey - 0
05.30 14:26:46 -- Henkey - 1
05.30 14:26:46 -- Henkey - 0
05.30 15:04:25 -- Henkey - 0
05.30 15:06:37 -- Henkey - wrong password
05.30 15:06:49 -- Henkey logged in
05.30 15:07:18 -- Henkey - wrong password
05.30 15:07:23 -- Henkey - wrong password
05.30 15:49:20 -- Henkey - wrong password
05.30 15:49:28 -- Henkey - wrong password
05.30 15:49:43 -- Henkey - wrong password
05.30 15:49:53 -- Henkey - wrong password
05.30 15:50:13 -- Henkey - wrong password
05.30 15:51:46 -- Henkey logged in
05.30 16:40:00 -- 7359 logged in
05.30 16:41:18 -- 2210 logged in
05.30 16:43:17 -- 2210 logged in
05.30 16:44:17 -- 7359 logged in
05.30 16:45:19 -- 7359 logged in
05.30 18:20:21 -- 2210 logged in
05.30 19:09:22 -- 2210 logged in
05.30 19:54:00 -- 7359 logged in
05.30 20:25:19 -- 7359 - 0
05.30 20:55:21 -- 7359 - 0
05.30 20:55:23 -- 7359 - 1
05.30 20:55:23 -- 7359 - 0
05.30 20:55:58 -- 7359 - 0
05.31 10:37:15 -- 7359 logged in
05.31 16:16:38 -- 7359 logged in
05.31 20:24:11 -- 7359 logged in
05.31 21:02:10 -- 3446 logged in
05.31 21:03:32 -- 3446 logged in
05.31 21:11:31 -- 3446 - 99
05.31 23:57:21 -- 3446 logged in
06.01 11:18:24 -- 7359 logged in
06.01 12:37:07 -- 7359 logged in
06.01 13:09:20 -- 7359 logged in
06.02 10:38:14 -- 3446 logged in
06.02 12:29:34 -- 9020 logged in
06.02 12:32:40 -- 9020 logged in
06.02 12:38:35 -- 2210 logged in
06.02 12:56:43 -- 7359 logged in
06.02 13:06:49 -- 2210 logged in
06.02 13:09:56 -- 5552 logged in
06.02 13:10:30 -- 5552 logged in
06.02 13:15:36 -- 2210 logged in
06.02 13:26:50 -- 3528 logged in
06.02 13:29:34 -- 3446 logged in
06.02 13:42:17 -- 3052 logged in
06.02 13:42:19 -- 2210 logged in
06.02 13:42:35 -- 3052 logged in
06.02 14:14:04 -- 3052 logged in
06.02 14:14:12 -- 3052 - 0
06.02 14:14:15 -- 3052 - 99
06.02 14:14:24 -- 3052 - 0
06.02 14:19:17 -- 3052 - 0
06.02 14:19:19 -- 3052 - 99
06.02 15:03:58 -- 2210 logged in
06.02 15:56:27 -- 2210 logged in
06.02 19:01:12 -- 3446 logged in
06.02 20:04:45 -- 7359 logged in
06.02 20:05:08 -- 3446 logged in
06.02 20:16:44 -- 3446 - 1
06.02 20:16:44 -- 3446 - 0
06.02 20:20:11 -- 3446 logged in
06.02 20:22:31 -- 7359 - 0
06.02 20:22:34 -- 7359 - 1
06.02 20:22:34 -- 7359 - 0
06.02 20:22:38 -- 7359 - 0
06.02 20:22:43 -- 7359 - 0
06.02 20:22:50 -- 7359 - 0
06.02 20:22:54 -- 7359 - 0
06.02 20:22:56 -- 7359 - 0
06.02 20:23:00 -- 7359 - 0
06.02 20:23:03 -- 7359 - 0
06.02 20:23:05 -- 7359 - 0
06.02 20:23:08 -- 7359 - 0
06.02 20:23:11 -- 7359 - 0
06.02 20:23:14 -- 7359 - 0
06.02 20:23:17 -- 7359 - 0
06.02 20:23:20 -- 7359 - 0
06.02 20:23:28 -- 7359 - 0
06.02 20:27:15 -- 7359 - 0
06.02 20:27:21 -- 7359 - 99
06.02 20:35:19 -- 2210 logged in
06.05 13:08:05 -- 7359 logged in
06.05 13:08:10 -- 7359 - 1
06.05 13:08:10 -- 7359 - 0
06.05 13:11:33 -- 7359 - 0
06.05 13:11:36 -- 7359 - 0
06.05 13:11:45 -- 7359 - 0
06.05 13:12:25 -- 7359 - 0
06.05 13:12:27 -- 7359 - 0
06.05 13:12:29 -- 7359 - 1
06.05 13:12:29 -- 7359 - 0
06.05 13:12:30 -- 7359 - 0
06.05 13:13:54 -- 7359 - 0
06.05 13:14:08 -- 7359 - 0
06.05 13:14:11 -- 7359 - 1
06.05 13:14:11 -- 7359 - 0
06.05 13:14:51 -- 7359 - 0
06.05 13:15:13 -- 7359 - 0
06.05 13:15:41 -- 7359 - 1
06.05 13:15:41 -- 7359 - 0
06.05 13:15:42 -- 7359 - 0
06.05 13:15:44 -- 7359 - 0
06.05 13:16:19 -- 7359 - 0
06.05 13:16:20 -- 7359 - 0
06.05 13:16:21 -- 7359 - 0
06.05 13:19:03 -- 7359 - 0
06.05 13:19:03 -- 7359 - 1
06.05 13:32:06 -- 7359 - 0
06.05 21:03:21 -- 7359 logged in
06.05 21:51:22 -- 3052 logged in
06.05 22:15:49 -- 7359 logged in
06.05 22:19:09 -- 5552 logged in
06.05 22:20:51 -- 9927 logged in
06.06 12:14:18 -- 3052 logged in
06.06 12:17:31 -- 7359 logged in
06.06 12:58:54 -- 5552 logged in
06.06 14:15:59 -- 7359 logged in
06.06 14:16:07 -- 7359 - 0
06.06 14:16:11 -- 7359 - 1
06.06 14:16:11 -- 7359 - 0
06.06 14:20:23 -- 7359 - 0
06.06 15:46:43 -- 7359 logged in
06.06 17:40:00 -- 3052 logged in
06.06 17:42:51 -- 7359 - 0
06.06 17:46:20 -- 9927 logged in
06.06 18:17:04 -- 5552 logged in
06.06 18:19:26 -- 5552 logged in
06.06 18:21:33 -- 5552 logged in
06.06 20:43:37 -- 3528 logged in
06.06 20:46:52 -- 5552 logged in
06.07 13:26:49 -- 7359 logged in
06.07 13:26:53 -- 7359 - 0
06.07 13:26:55 -- 7359 - 1
06.07 13:26:55 -- 7359 - 0
06.07 13:29:59 -- 7359 - 0
06.07 13:30:01 -- 7359 - 1
06.07 13:30:01 -- 7359 - 0
06.08 17:17:59 -- 7359 logged in
06.08 17:18:23 -- 7359 - 0
06.08 17:18:24 -- 7359 - 1
06.08 17:18:24 -- 7359 - 0
06.08 17:19:39 -- 7359 - 0
06.08 17:21:44 -- 7359 - 0
06.08 17:21:49 -- 7359 - 99
06.08 18:04:18 -- 7359 logged in
06.08 18:12:50 -- 7359 logged in
06.08 18:52:53 -- 3446 logged in
06.08 18:53:36 -- 3446 logged in
06.08 19:10:50 -- 7359 - 0
06.08 19:10:51 -- 7359 - 1
06.08 19:10:51 -- 7359 - 0
06.08 19:10:54 -- 7359 - 0
06.08 19:11:08 -- 7359 - 0
06.08 19:18:32 -- 7359 - 0
06.08 19:18:33 -- 7359 - 1
06.08 19:18:33 -- 7359 - 0
06.08 19:19:27 -- 7359 - 0
06.08 19:19:46 -- 7359 - 0
06.08 19:19:57 -- 7359 - 0
06.08 19:19:59 -- 7359 - 0
06.08 19:20:02 -- 7359 - 0
06.08 19:27:24 -- 7359 - 0
06.08 23:08:53 -- 3446 logged in
06.09 12:58:25 -- 7359 logged in
06.09 12:58:33 -- 7359 - 0
06.09 12:58:38 -- 7359 - 0
06.09 12:59:50 -- 7359 - 0
06.09 12:59:54 -- 7359 - 0
06.09 12:59:55 -- 7359 - 0
06.09 12:59:57 -- 7359 - 0
06.09 12:59:57 -- 7359 - 0
06.09 13:00:00 -- 7359 - 0
06.09 13:24:05 -- 7359 - 0
06.09 13:33:28 -- 7359 - 0
06.12 11:01:52 -- 7359 logged in
06.12 11:01:59 -- 7359 - 1
06.12 11:01:59 -- 7359 - 0
06.12 11:07:04 -- 7359 - 0
06.12 14:14:37 -- 7359 logged in
06.12 16:14:10 -- 7359 logged in
06.13 17:51:35 -- 9927 logged in
06.13 17:59:19 -- 3052 logged in
06.13 18:10:28 -- 2210 logged in
06.13 18:11:40 -- 7359 logged in
06.13 18:26:11 -- 3052 logged in
06.13 18:36:48 -- 3528 logged in
06.14 15:52:01 -- 7359 logged in
06.14 16:40:58 -- 7359 logged in
06.14 16:41:01 -- 7359 - 0
06.14 16:41:03 -- 7359 - 1
06.14 16:41:03 -- 7359 - 0
06.14 16:58:15 -- 7359 - 0
06.14 19:04:12 -- 2210 logged in
06.15 18:21:14 -- 7359 logged in
06.15 18:22:24 -- 7359 - 0
06.15 18:22:26 -- 7359 - 1
06.15 18:22:26 -- 7359 - 0
06.15 18:37:40 -- 7359 - 0
06.19 11:27:21 -- 7359 logged in
06.19 11:27:30 -- 7359 - 0
06.19 11:27:32 -- 7359 - 1
06.19 11:27:32 -- 7359 - 0
06.19 11:27:34 -- 7359 - 0
06.19 11:31:42 -- 7359 - 0
06.19 11:35:28 -- 7359 - 0
06.19 11:35:30 -- 7359 - 1
06.19 11:35:30 -- 7359 - 0
06.19 11:36:22 -- 7359 - 0
06.19 11:37:41 -- 7359 - 0
06.19 11:52:19 -- 7359 - 0
06.19 15:36:38 -- 7359 logged in
06.19 15:36:42 -- 7359 - 0
06.19 15:36:44 -- 7359 - 1
06.19 15:36:44 -- 7359 - 0
06.19 15:38:02 -- 7359 - 0
06.20 12:51:07 -- 7359 logged in
06.20 12:51:12 -- 7359 - 0
06.20 12:51:15 -- 7359 - 2
06.20 12:51:15 -- 7359 - 0
06.20 12:51:55 -- 7359 - 0
06.20 12:54:20 -- 7359 - 0
06.20 12:54:23 -- 7359 - 1
06.20 12:54:23 -- 7359 - 0
06.20 12:54:24 -- 7359 - 0
06.20 13:38:34 -- 7359 - 0
06.20 13:44:04 -- 7359 - 0
06.21 13:16:32 -- 7359 logged in
06.21 13:16:37 -- 7359 - 1
06.21 13:16:37 -- 7359 - 0
06.21 18:10:44 -- 7359 logged in
06.21 18:11:21 -- 7359 - 1
06.21 18:11:21 -- 7359 - 0
06.21 18:15:12 -- 7359 - 0
06.22 12:22:23 -- 7359 logged in
06.22 12:22:28 -- 7359 - 1
06.22 12:22:28 -- 7359 - 0
06.22 12:37:45 -- 7359 - 0
06.22 13:42:38 -- 7359 logged in
06.22 13:42:43 -- 7359 - 0
06.22 13:42:56 -- 7359 - 1
06.22 13:42:56 -- 7359 - 0
06.22 13:43:27 -- 7359 - 0
06.22 18:54:16 -- 7359 logged in
06.22 18:54:22 -- 7359 - 0
06.26 10:26:04 -- 7359 logged in
06.26 10:26:13 -- 7359 - 0
06.26 10:26:18 -- 7359 - 99
06.26 10:30:29 -- 7359 - 99
06.26 10:30:36 -- 7359 - 99
06.27 19:39:29 -- 7359 logged in
06.27 19:39:37 -- 7359 - 1
06.27 19:39:37 -- 7359 - 0
06.27 19:46:54 -- 7359 - 0
06.28 18:03:53 -- 7359 logged in
06.28 18:03:58 -- 7359 - 1
06.28 18:03:58 -- 7359 - 0
06.28 19:52:36 -- 7359 logged in
06.28 20:03:17 -- 7359 - 0
06.28 20:03:19 -- 7359 - 2
06.28 20:03:19 -- 7359 - 0
06.28 20:03:39 -- 7359 - 0
06.28 20:03:46 -- 7359 - 0
06.28 20:04:12 -- 7359 - 0
06.28 20:04:58 -- 7359 - 0
06.28 20:04:58 -- 7359 - 1
06.28 20:05:27 -- 7359 - 0
06.29 20:51:48 -- 7359 logged in
06.29 20:51:52 -- 7359 - 1
06.29 20:51:52 -- 7359 - 0
06.29 20:52:25 -- 7359 - 0
06.30 18:15:37 -- 7359 logged in
06.30 18:15:46 -- 7359 - 0
06.30 18:15:48 -- 7359 - 1
06.30 18:15:48 -- 7359 - 0
06.30 18:17:00 -- 7359 - 0
07.01 21:49:25 -- 7359 logged in
07.01 21:49:36 -- 7359 - 0
07.01 21:49:41 -- 7359 - 1
07.01 21:49:41 -- 7359 - 0
07.01 21:59:40 -- 3052 logged in
07.01 21:59:56 -- 3052 logged in
07.01 22:01:31 -- 3446 logged in
07.01 22:01:35 -- 3446 - 0
07.01 22:02:49 -- 3446 - 99
07.01 22:02:57 -- 3446 - 0
07.01 22:03:04 -- 3446 - 0
07.01 22:03:05 -- 3446 - 0
07.01 22:03:05 -- 3446 - 0
07.01 22:03:06 -- 3446 - 0
07.01 22:03:06 -- 3446 - 0
07.01 22:03:17 -- 3446 - 0
07.01 22:03:17 -- 3446 - 0
07.01 22:03:17 -- 3446 - 0
07.01 22:23:39 -- 3052 logged in
07.01 22:52:04 -- 3052 logged in
07.02 00:13:34 -- 9129 logged in
07.02 00:13:37 -- 9129 - 0
07.02 00:13:38 -- 9129 - 0
07.03 10:57:19 -- 7359 logged in
07.03 10:57:23 -- 7359 - 1
07.03 10:57:23 -- 7359 - 0
07.04 19:00:56 -- 7359 logged in
07.04 19:01:02 -- 7359 - 0
07.04 19:01:04 -- 7359 - 1
07.04 19:01:04 -- 7359 - 0
07.04 19:04:31 -- 7359 - 0
07.05 17:37:27 -- 7359 logged in
07.05 17:37:32 -- 7359 - 1
07.05 17:37:32 -- 7359 - 0
07.06 13:32:25 -- 7359 logged in
07.06 13:32:30 -- 7359 - 1
07.06 13:32:30 -- 7359 - 0
07.06 13:33:17 -- 7359 - 0
07.06 13:33:43 -- 7359 - 0
07.07 18:07:37 -- 7359 logged in
07.07 18:07:42 -- 7359 - 1
07.07 18:07:42 -- 7359 - 0
07.07 18:08:11 -- 7359 - 0
07.10 14:26:05 -- 7359 logged in
07.10 14:26:14 -- 7359 - 1
07.10 14:26:15 -- 7359 - 0
07.10 14:26:59 -- 7359 - 0
07.10 14:27:01 -- 7359 - 0
07.10 14:27:02 -- 7359 - 0
07.11 12:12:20 -- 7359 logged in
07.11 21:32:13 -- henkey logged in
07.11 21:43:11 -- nahtneb logged in
07.11 21:43:16 -- ltbr logged in
07.11 21:45:11 -- svk_ logged in
07.11 21:46:19 -- 9020 logged in
07.11 21:56:01 -- dan350 logged in
07.11 22:13:17 -- svk_ logged in
07.11 23:46:37 -- svk_ logged in
07.12 00:11:57 -- henkey logged in
07.12 00:46:27 -- nahtneb logged in
07.12 00:47:43 -- henkey logged in
07.12 01:08:26 -- svk_ logged in
07.12 01:09:56 -- svk_ - 0
07.12 01:09:58 -- svk_ - 0
07.12 01:10:00 -- svk_ - 3
07.12 01:10:00 -- svk_ - 0
07.12 01:10:20 -- svk_ - 0
07.12 01:10:28 -- svk_ - 0
07.12 01:11:33 -- svk_ - 0
07.12 01:11:40 -- svk_ - 99
07.12 01:12:00 -- svk_ - 0
07.12 01:12:15 -- svk_ - 0
07.12 01:12:17 -- svk_ - 0
07.12 01:14:40 -- svk_ - 0
07.12 15:51:24 -- henkey logged in
07.12 15:51:27 -- henkey - 0
07.12 15:51:30 -- henkey - 1
07.12 15:51:30 -- henkey - 0
07.12 16:19:56 -- henkey - 0
07.12 16:21:53 -- henkey - 0
07.12 16:21:55 -- henkey - 1
07.12 16:21:55 -- henkey - 0
07.12 17:08:46 -- henkey - 0
07.12 19:31:55 -- nahtneb logged in
07.12 20:44:07 -- henkey logged in
07.12 23:59:36 -- svk_ logged in
07.12 23:59:41 -- svk_ - 0
07.12 23:59:41 -- svk_ - 0
07.13 01:55:10 -- svk_ logged in
07.13 01:55:12 -- svk_ - 0
07.13 01:55:13 -- svk_ - 0
07.14 18:44:08 -- henkey logged in
07.14 18:44:11 -- henkey - 0
07.14 20:52:15 -- svk_ logged in
07.15 14:37:40 -- svk_ logged in
07.15 18:47:21 -- nahtneb logged in
07.15 18:54:40 -- henkey logged in
07.15 19:07:16 -- svk_ logged in
07.15 19:20:57 -- dan350 logged in
07.15 19:25:17 -- ltbr logged in
07.15 20:22:44 -- henkey - 0
07.15 20:22:45 -- henkey - 1
07.15 20:22:45 -- henkey - 0
07.15 20:24:01 -- henkey - 0
07.15 20:33:13 -- henkey - 0
07.18 13:21:13 -- henkey logged in
07.18 13:21:18 -- henkey - 1
07.18 13:21:18 -- henkey - 0
07.19 17:14:51 -- henkey logged in
07.19 17:15:01 -- henkey - 1
07.19 17:15:01 -- henkey - 0
07.19 17:25:29 -- henkey - 0
07.19 18:34:00 -- henkey logged in
07.19 18:42:50 -- 9020 logged in
07.19 18:43:20 -- 3528 logged in
07.19 18:46:19 -- nahtneb logged in
07.19 19:01:14 -- henkey - 0
07.19 19:01:15 -- henkey - 1
07.19 19:01:15 -- henkey - 0
07.19 19:06:34 -- henkey logged in
07.19 19:06:42 -- henkey - 0
07.19 19:06:44 -- henkey - 0
07.19 19:06:52 -- henkey - 0
07.19 19:07:07 -- henkey - 1
07.19 19:07:07 -- henkey - 0
07.19 19:12:22 -- henkey - 0
07.19 19:12:25 -- henkey - 2
07.19 19:12:25 -- henkey - 0
07.19 19:12:55 -- dan350 logged in
07.19 19:13:49 -- henkey - 0
07.19 19:16:42 -- henkey - 0
07.19 19:16:45 -- henkey - 1
07.19 19:16:45 -- henkey - 0
07.19 19:17:14 -- henkey - 0
07.19 19:17:25 -- henkey - 0
07.19 19:21:01 -- 5552 logged in
07.19 20:01:50 -- 2662 logged in
07.19 21:00:06 -- henkey - 0
07.19 21:00:11 -- henkey - 0
07.19 21:00:17 -- henkey - 1
07.19 21:00:17 -- henkey - 0
07.20 11:56:49 -- 2662 logged in
07.20 15:59:45 -- nahtneb logged in
07.20 19:05:33 -- henkey logged in
07.20 19:06:51 -- nahtneb logged in
07.20 19:19:30 -- 9020 logged in
07.20 19:41:45 -- nahtneb logged in
07.20 19:45:50 -- henkey - 0
07.20 19:46:09 -- henkey - 0
07.20 19:46:10 -- henkey - 1
07.20 19:46:10 -- henkey - 0
07.21 19:50:19 -- henkey logged in
07.21 19:50:22 -- henkey - 0
07.24 18:50:08 -- henkey logged in
07.24 18:50:17 -- henkey - 1
07.24 18:50:17 -- henkey - 0
07.24 18:51:39 -- henkey - 0
07.24 19:21:51 -- henkey - 0
07.25 13:33:56 -- henkey logged in
07.25 13:34:01 -- henkey - 1
07.25 13:34:01 -- henkey - 0
07.25 13:34:11 -- henkey - 0
07.25 13:41:07 -- henkey - 1
07.25 13:41:07 -- henkey - 0
07.25 13:44:26 -- henkey - 0
07.25 13:44:28 -- henkey - 0
07.25 15:49:14 -- henkey logged in
07.25 20:07:20 -- henkey logged in
07.25 20:07:24 -- henkey - 1
07.25 20:07:24 -- henkey - 0
07.25 20:49:04 -- henkey logged in
07.25 20:49:22 -- henkey - 0
07.25 20:49:26 -- henkey - 1
07.25 20:49:26 -- henkey - 0
07.25 20:50:24 -- henkey - 0
07.25 20:58:20 -- henkey - 2
07.25 20:58:20 -- henkey - 0
07.26 17:53:00 -- henkey logged in
07.26 17:56:21 -- henkey - 0
07.26 20:25:17 -- henkey logged in
07.26 20:25:25 -- henkey - 0
07.27 15:33:20 -- henkey logged in
07.27 15:34:13 -- henkey - 0
07.27 15:39:00 -- henkey - 0
07.27 15:39:03 -- henkey - 1
07.27 15:39:03 -- henkey - 0
07.27 15:39:59 -- henkey - 0
07.27 15:51:12 -- henkey - 0
07.31 14:16:57 -- henkey logged in
07.31 14:17:03 -- henkey - 1
07.31 14:17:03 -- henkey - 0
07.31 16:57:04 -- henkey logged in
07.31 16:57:10 -- henkey - 1
07.31 16:57:10 -- henkey - 0
07.31 17:14:38 -- henkey - 0
08.01 14:31:38 -- nahtneb logged in
08.01 14:50:37 -- henkey logged in
08.01 14:57:59 -- svk_ logged in
08.01 18:00:17 -- svk_ logged in
08.01 18:02:53 -- svk_ logged in
08.01 18:08:25 -- nahtneb logged in
08.01 18:56:35 -- nahtneb logged in
08.01 18:57:07 -- svk_ logged in
08.01 19:22:40 -- henkey logged in
08.01 20:18:15 -- nahtneb logged in
08.04 12:06:24 -- henkey logged in
08.04 12:06:29 -- henkey - 1
08.04 12:06:29 -- henkey - 0
08.04 12:06:34 -- henkey - 2
08.04 12:06:34 -- henkey - 0
08.04 12:13:27 -- henkey - 0
08.04 12:13:30 -- henkey - 1
08.04 12:13:30 -- henkey - 0
08.04 12:14:59 -- henkey - 0
08.04 12:21:56 -- henkey - 0
08.04 12:21:58 -- henkey - 1
08.04 12:21:58 -- henkey - 0
08.04 12:22:09 -- henkey - 0
08.04 12:22:22 -- henkey - 0
08.07 14:13:56 -- henkey logged in
08.07 14:13:59 -- henkey - 0
08.07 14:14:01 -- henkey - 1
08.07 14:14:01 -- henkey - 0
08.07 14:14:02 -- henkey - 0
08.07 14:35:03 -- henkey - 0
08.07 14:35:05 -- henkey - 1
08.07 14:35:05 -- henkey - 0
08.07 14:35:55 -- henkey - 0
08.07 14:35:59 -- henkey - 0
08.07 14:36:04 -- henkey - 0
08.07 14:36:18 -- henkey - 0
08.07 15:24:23 -- henkey logged in
08.07 15:24:26 -- henkey - 0
08.07 15:56:43 -- henkey - 0
08.07 16:27:25 -- henkey - 0
08.07 16:27:27 -- henkey - 3
08.07 16:27:27 -- henkey - 0
08.07 16:27:30 -- henkey - 0
08.07 16:27:30 -- henkey - 0
08.07 16:27:35 -- henkey - 3
08.07 16:27:35 -- henkey - 0
08.07 16:27:37 -- henkey - 2
08.07 16:27:37 -- henkey - 0
08.07 16:27:38 -- henkey - 0
08.07 16:27:39 -- henkey - 0
08.07 16:28:09 -- henkey - 0
08.07 16:28:11 -- henkey - 1
08.07 16:28:11 -- henkey - 0
08.07 16:28:57 -- henkey - 0
08.07 16:29:00 -- henkey - 1
08.07 16:29:00 -- henkey - 0
08.07 16:29:00 -- henkey - 0
08.07 16:29:01 -- henkey - 0
08.08 21:05:52 -- henkey logged in
08.08 21:05:56 -- henkey - 0
08.08 21:06:01 -- henkey - 2
08.08 21:06:01 -- henkey - 0
08.08 21:06:05 -- henkey - 0
08.08 21:06:07 -- henkey - 1
08.08 21:06:07 -- henkey - 0
08.09 01:14:26 -- henkey logged in
08.09 01:14:30 -- henkey - 0
08.09 01:14:37 -- henkey - 1
08.09 01:14:37 -- henkey - 0
08.09 01:15:26 -- henkey - 0
08.09 01:17:16 -- henkey - 0
08.09 01:17:36 -- henkey - 0
08.09 01:17:38 -- henkey - 1
08.09 01:17:38 -- henkey - 0
08.09 01:17:59 -- henkey - 0
08.09 01:18:04 -- henkey - 0
08.09 01:19:04 -- henkey - 0
08.09 01:22:19 -- henkey - 0
08.09 01:22:22 -- henkey - 1
08.09 01:22:22 -- henkey - 0
08.09 01:23:02 -- henkey - 0
08.09 01:23:38 -- henkey - 0
08.09 01:24:30 -- henkey - 0
08.09 12:42:45 -- henkey logged in
08.09 12:42:49 -- henkey - 0
08.09 12:42:52 -- henkey - 1
08.09 12:42:52 -- henkey - 0
08.09 12:43:08 -- henkey - 0
08.09 12:43:47 -- henkey - 0
08.09 16:40:51 -- ltbr logged in
08.09 16:40:59 -- ltbr - 99
08.09 17:35:48 -- henkey logged in
08.09 17:39:36 -- henkey - 4
08.09 17:39:41 -- henkey - 99
08.09 17:39:48 -- henkey - 0
08.09 17:39:51 -- henkey - 1
08.09 17:39:51 -- henkey - 0
08.09 17:49:52 -- ltbr logged in
08.09 18:02:42 -- ltbr - 99
08.09 18:17:31 -- ltbr - 99
08.09 19:45:54 -- ltbr logged in
08.09 19:45:57 -- ltbr - 99
08.09 23:48:52 -- henkey logged in
08.10 13:23:07 -- henkey logged in
08.10 13:23:10 -- henkey - 0
08.11 11:50:48 -- henkey logged in
08.11 11:50:51 -- henkey - 0
08.11 11:50:53 -- henkey - 1
08.11 11:50:53 -- henkey - 0
08.11 11:50:55 -- henkey - 0
08.11 11:51:00 -- henkey - 0
08.11 11:51:05 -- henkey - 0
08.11 11:53:11 -- henkey - 0
08.15 11:50:29 -- henkey logged in
08.15 11:50:32 -- henkey - 0
08.15 11:54:36 -- henkey - 2
08.15 11:54:36 -- henkey - 0
08.15 12:18:56 -- henkey - 0
08.15 12:49:53 -- henkey - 0
08.15 12:49:55 -- henkey - 1
08.15 12:49:55 -- henkey - 0
08.15 13:03:43 -- henkey - 0
08.16 13:13:58 -- henkey logged in
08.16 13:14:01 -- henkey - 0
08.17 15:38:49 -- henkey logged in
08.17 15:38:51 -- henkey - 0
08.17 15:38:55 -- henkey - 1
08.17 15:38:55 -- henkey - 0
08.17 15:38:57 -- henkey - 0
08.17 15:39:00 -- henkey - 0
08.17 15:42:07 -- henkey - 0
08.17 15:55:23 -- henkey - 0
08.17 15:55:26 -- henkey - 0
08.17 15:55:29 -- henkey - 1
08.17 15:55:29 -- henkey - 0
08.17 16:18:39 -- henkey - 0
08.19 19:30:11 -- svk_ logged in
08.22 11:05:40 -- henkey logged in
08.22 11:05:50 -- henkey - 1
08.22 11:05:50 -- henkey - 0
08.22 11:11:07 -- henkey - 0
08.22 13:46:53 -- henkey logged in
08.22 13:46:59 -- henkey - 0
08.22 13:47:37 -- henkey - 1
08.22 13:47:37 -- henkey - 0
08.22 13:50:28 -- henkey - 0
08.22 18:16:36 -- henkey logged in
08.22 20:25:12 -- nahtneb logged in
08.22 20:28:32 -- henkey logged in
08.22 20:28:34 -- henkey - 0
08.23 11:37:00 -- nahtneb logged in
08.28 17:42:28 -- henkey logged in
08.28 17:42:35 -- henkey - 1
08.28 17:42:35 -- henkey - 0
08.28 17:50:40 -- henkey - 0
08.28 18:13:43 -- henkey - 0
08.28 18:15:34 -- henkey - 0
08.28 18:15:35 -- henkey - 1
08.28 18:15:35 -- henkey - 0
08.28 18:16:01 -- henkey - 0
08.28 18:16:06 -- henkey - 0
08.28 18:36:49 -- henkey - 0
08.28 18:49:08 -- henkey - 2
08.28 18:49:08 -- henkey - 0
08.28 18:50:06 -- henkey - 0
08.28 18:50:33 -- henkey - 0
08.28 18:50:37 -- henkey - 1
08.28 18:50:37 -- henkey - 0
09.01 17:29:45 -- henkey logged in
09.01 17:29:48 -- henkey - 0
09.01 17:29:51 -- henkey - 0
09.02 18:42:33 -- henkey logged in
09.02 18:42:37 -- henkey - 0
09.02 18:42:39 -- henkey - 2
09.02 18:42:39 -- henkey - 0
09.02 18:44:49 -- henkey - 0
09.02 18:44:54 -- henkey - 1
09.02 18:44:54 -- henkey - 0
09.02 18:58:31 -- henkey - 0
09.03 16:45:23 -- henkey logged in
09.03 16:45:26 -- henkey - 0
09.03 16:49:29 -- henkey - 1
09.03 16:49:29 -- henkey - 0
09.03 16:49:30 -- henkey - 0
09.06 21:51:21 -- henkey logged in
09.06 21:51:27 -- henkey - 1
09.06 21:51:27 -- henkey - 0
09.06 21:51:28 -- henkey - 0
09.06 21:51:58 -- henkey - 0
09.06 21:52:04 -- henkey - 0
09.06 21:52:19 -- henkey - 0
09.06 21:52:26 -- henkey - 0
09.06 21:52:32 -- henkey - 0
09.07 16:00:21 -- henkey logged in
09.07 16:00:24 -- henkey - 0
09.07 16:00:27 -- henkey - 2
09.07 16:00:27 -- henkey - 0
09.07 16:00:42 -- henkey - 0
09.07 16:00:52 -- henkey - 0
09.07 16:01:00 -- henkey - 0
09.07 16:01:03 -- henkey - 0
09.07 16:01:34 -- henkey - 0
09.07 16:01:36 -- henkey - 1
09.07 16:01:36 -- henkey - 0
09.07 16:01:40 -- henkey - 0
09.07 19:15:36 -- henkey logged in
09.07 19:15:39 -- henkey - 0
09.07 19:15:41 -- henkey - 1
09.07 19:15:41 -- henkey - 0
09.07 19:18:02 -- henkey - 0
09.07 19:18:18 -- henkey - 0
09.07 19:18:22 -- henkey - 1
09.07 19:18:22 -- henkey - 0
09.07 19:18:23 -- henkey - 0
09.07 19:19:08 -- henkey - 0
09.07 19:19:39 -- henkey - 0
09.07 19:34:54 -- henkey - 0
09.12 14:21:58 -- henkey logged in
09.12 14:22:02 -- henkey - 0
09.12 14:23:50 -- henkey - 0
09.12 14:23:52 -- henkey - 1
09.12 14:23:52 -- henkey - 0
09.13 19:56:30 -- henkey logged in
09.13 19:56:34 -- henkey - 0
09.13 19:56:36 -- henkey - 2
09.13 19:56:36 -- henkey - 0
09.13 19:56:58 -- henkey - 0
09.13 19:56:58 -- henkey - 3
09.13 19:56:59 -- henkey - 0
09.13 19:57:01 -- henkey - 99
09.13 19:57:13 -- henkey - 0
09.14 14:04:05 -- henkey logged in
09.14 14:04:08 -- henkey - 0
09.14 14:04:12 -- henkey - 3
09.14 14:04:12 -- henkey - 0
09.15 12:58:44 -- henkey logged in
09.15 12:58:49 -- henkey - 3
09.15 12:58:49 -- henkey - 0
09.15 15:02:53 -- henkey logged in
09.27 21:15:59 -- henkey logged in
09.27 21:19:34 -- henkey - 0
09.27 21:19:37 -- henkey - 1
09.27 21:19:37 -- henkey - 0
09.27 21:19:59 -- henkey - 0
09.27 21:20:02 -- henkey - 0
09.27 21:20:15 -- henkey - 0
09.27 21:20:46 -- henkey - 0
09.27 21:20:48 -- henkey - 0
09.27 21:21:07 -- henkey - 0
10.14 14:26:03 -- henkey logged in
10.14 14:26:16 -- henkey - 0
10.14 14:29:41 -- henkey - 0
10.14 14:29:43 -- henkey - 1
10.14 14:29:43 -- henkey - 0
10.14 14:31:08 -- henkey - 0
11.22 20:26:54 -- svk_ logged in
